2023-11-01 07:44:11.668			โปรแกรมเริ่มต้นทำงาน
2023-11-01 07:44:24.955			david ได้ login เข้าใช้งาน
2023-11-01 07:44:39.187			จบการทำงานของโปรแกรม
2023-11-01 07:44:44.617			โปรแกรมเริ่มต้นทำงาน
2023-11-01 07:45:15.093			john ได้ login เข้าใช้งาน
2023-11-01 07:45:22.471			john กดใช้งานคำสั่ง การเพิ่มเมนูอาหาร
2023-11-01 07:45:38.931			john ได้เพิ่มสินค้า "บบะหมี่" ในรายการเมนู
2023-11-01 07:45:46.912			john กดใช้งานคำสั่ง การแก้ไขเมนูอาหาร
2023-11-01 07:46:13.468			john ทำการแก้ไขข้อมูลสินค้า "บบะหมี่" ไปเป็น "บะหมี่" ในรายการเมนู
2023-11-01 07:46:21.458			จบการทำงานของโปรแกรม
2023-11-01 08:28:17.578			โปรแกรมเริ่มต้นทำงาน
2023-11-01 08:28:37.362			root ได้ login เข้าใช้งาน
2023-11-01 08:28:51.495			root กดใช้งานคำสั่ง แสดงเมนูอาหาร
2023-11-01 08:28:53.446			root กดใช้งานคำสั่ง การสั่งซื้ออาหาร
2023-11-01 08:28:59.176			root ได้กดสั่งซื้ออาหารให้ลูกค้าอาหาร "บะหมี่" จำนวน 1 อย่าง
2023-11-01 08:29:02.436			มีการสั่งอาหารใน order หมายเลขที่ 1 รหัสอ้างอิง BDZ732746 คิดเป็นเงินจำนวนทั้งหมด 40 บาท
2023-11-01 08:29:13.510			จบการทำงานของโปรแกรม
2023-11-01 08:31:05.255			โปรแกรมเริ่มต้นทำงาน
2023-11-01 08:31:18.583			john ได้ login เข้าใช้งาน
2023-11-01 08:31:20.023			john กดใช้งานคำสั่ง แสดงเมนูอาหาร
2023-11-01 08:31:24.468			จบการทำงานของโปรแกรม
2023-11-01 08:36:16.848			โปรแกรมเริ่มต้นทำงาน
2023-11-01 08:36:41.485			john ได้ login เข้าใช้งาน
2023-11-01 08:36:47.348			john กดใช้งานคำสั่ง การสั่งซื้ออาหาร
2023-11-01 08:37:02.693			john ได้กดสั่งซื้ออาหารให้ลูกค้าอาหาร "บะหมี่" จำนวน 1 อย่าง
2023-11-01 08:37:13.285			มีการสั่งอาหารใน order หมายเลขที่ 1 รหัสอ้างอิง GKE819585 คิดเป็นเงินจำนวนทั้งหมด 40 บาท
2023-11-01 08:37:16.023			จบการทำงานของโปรแกรม
2023-11-01 08:40:17.032			โปรแกรมเริ่มต้นทำงาน
2023-11-01 08:40:30.468			john ได้ login เข้าใช้งาน
2023-11-01 08:40:40.960			john กดใช้งานคำสั่ง แสดงเมนูอาหาร
2023-11-01 08:40:58.634			จบการทำงานของโปรแกรม
2023-11-01 08:41:19.720			โปรแกรมเริ่มต้นทำงาน
2023-11-01 08:41:33.557			john ได้ login เข้าใช้งาน
2023-11-01 08:41:43.662			john กดใช้งานคำสั่ง แสดงเมนูอาหาร
2023-11-01 08:41:45.321			john กดใช้งานคำสั่ง การสั่งซื้ออาหาร
2023-11-01 08:41:51.426			john ได้กดสั่งซื้ออาหารให้ลูกค้าอาหาร "บะหมี่" จำนวน 3 อย่าง
2023-11-01 08:41:55.702			มีการสั่งอาหารใน order หมายเลขที่ 1 รหัสอ้างอิง TTD535302 คิดเป็นเงินจำนวนทั้งหมด 120 บาท
2023-11-01 08:41:58.507			จบการทำงานของโปรแกรม
2023-11-01 08:42:02.174			โปรแกรมเริ่มต้นทำงาน
2023-11-01 08:42:17.004			john ได้ login เข้าใช้งาน
2023-11-01 08:42:19.245			john กดใช้งานคำสั่ง แสดงเมนูอาหาร
2023-11-01 08:42:24.546			จบการทำงานของโปรแกรม
